Determining if the pthread_create exist failed with the following output:
Change Dir: /home/raphzor/TCC/RAFFB-TCC/Testes/RPPM/catkin_ws/build/CMakeFiles/CMakeTmp

Run Build Command:/usr/bin/make "cmTryCompileExec2192415355/fast"
/usr/bin/make -f CMakeFiles/cmTryCompileExec2192415355.dir/build.make CMakeFiles/cmTryCompileExec2192415355.dir/build
make[1]: Entrando no diretório `/home/raphzor/TCC/RAFFB-TCC/Testes/RPPM/catkin_ws/build/CMakeFiles/CMakeTmp'
/usr/bin/cmake -E cmake_progress_report /home/raphzor/TCC/RAFFB-TCC/Testes/RPPM/catkin_ws/build/CMakeFiles/CMakeTmp/CMakeFiles 1
Building C object CMakeFiles/cmTryCompileExec2192415355.dir/CheckSymbolExists.c.o
/usr/bin/cc    -o CMakeFiles/cmTryCompileExec2192415355.dir/CheckSymbolExists.c.o   -c /home/raphzor/TCC/RAFFB-TCC/Testes/RPPM/catkin_ws/build/CMakeFiles/CMakeTmp/CheckSymbolExists.c
Linking C executable cmTryCompileExec2192415355
/usr/bin/cmake -E cmake_link_script CMakeFiles/cmTryCompileExec2192415355.dir/link.txt --verbose=1
/usr/bin/cc       CMakeFiles/cmTryCompileExec2192415355.dir/CheckSymbolExists.c.o  -o cmTryCompileExec2192415355 -rdynamic 
CMakeFiles/cmTryCompileExec2192415355.dir/CheckSymbolExists.c.o: na função `main':
CheckSymbolExists.c:(.text+0x16): referência indefinida para `pthread_create'
collect2: error: ld returned 1 exit status
make[1]: Saindo do diretório `/home/raphzor/TCC/RAFFB-TCC/Testes/RPPM/catkin_ws/build/CMakeFiles/CMakeTmp'
make[1]: ** [cmTryCompileExec2192415355] Erro 1
make: ** [cmTryCompileExec2192415355/fast] Erro 2

File /home/raphzor/TCC/RAFFB-TCC/Testes/RPPM/catkin_ws/build/CMakeFiles/CMakeTmp/CheckSymbolExists.c:
/* */
#include <pthread.h>

int main(int argc, char** argv)
{
  (void)argv;
#ifndef pthread_create
  return ((int*)(&pthread_create))[argc];
#else
  (void)argc;
  return 0;
#endif
}

Determining if the function pthread_create exists in the pthreads failed with the following output:
Change Dir: /home/raphzor/TCC/RAFFB-TCC/Testes/RPPM/catkin_ws/build/CMakeFiles/CMakeTmp

Run Build Command:/usr/bin/make "cmTryCompileExec2703789431/fast"
/usr/bin/make -f CMakeFiles/cmTryCompileExec2703789431.dir/build.make CMakeFiles/cmTryCompileExec2703789431.dir/build
make[1]: Entrando no diretório `/home/raphzor/TCC/RAFFB-TCC/Testes/RPPM/catkin_ws/build/CMakeFiles/CMakeTmp'
/usr/bin/cmake -E cmake_progress_report /home/raphzor/TCC/RAFFB-TCC/Testes/RPPM/catkin_ws/build/CMakeFiles/CMakeTmp/CMakeFiles 1
Building C object CMakeFiles/cmTryCompileExec2703789431.dir/CheckFunctionExists.c.o
/usr/bin/cc   -DCHECK_FUNCTION_EXISTS=pthread_create   -o CMakeFiles/cmTryCompileExec2703789431.dir/CheckFunctionExists.c.o   -c /usr/share/cmake-2.8/Modules/CheckFunctionExists.c
Linking C executable cmTryCompileExec2703789431
/usr/bin/cmake -E cmake_link_script CMakeFiles/cmTryCompileExec2703789431.dir/link.txt --verbose=1
/usr/bin/cc   -DCHECK_FUNCTION_EXISTS=pthread_create    CMakeFiles/cmTryCompileExec2703789431.dir/CheckFunctionExists.c.o  -o cmTryCompileExec2703789431 -rdynamic -lpthreads 
/usr/bin/ld: não foi possível encontrar -lpthreads
collect2: error: ld returned 1 exit status
make[1]: Saindo do diretório `/home/raphzor/TCC/RAFFB-TCC/Testes/RPPM/catkin_ws/build/CMakeFiles/CMakeTmp'
make[1]: ** [cmTryCompileExec2703789431] Erro 1
make: ** [cmTryCompileExec2703789431/fast] Erro 2


