Determining if the pthread_create exist failed with the following output:
Change Dir: /home/eduardo/TCC/RAFFB-TCC/Testes/EAG/catkin_ws/build/CMakeFiles/CMakeTmp

Run Build Command:/usr/bin/make "cmTryCompileExec518362946/fast"
/usr/bin/make -f CMakeFiles/cmTryCompileExec518362946.dir/build.make CMakeFiles/cmTryCompileExec518362946.dir/build
make[1]: Entrando no diretório `/home/eduardo/TCC/RAFFB-TCC/Testes/EAG/catkin_ws/build/CMakeFiles/CMakeTmp'
/usr/bin/cmake -E cmake_progress_report /home/eduardo/TCC/RAFFB-TCC/Testes/EAG/catkin_ws/build/CMakeFiles/CMakeTmp/CMakeFiles 1
Building C object CMakeFiles/cmTryCompileExec518362946.dir/CheckSymbolExists.c.o
/usr/bin/cc    -o CMakeFiles/cmTryCompileExec518362946.dir/CheckSymbolExists.c.o   -c /home/eduardo/TCC/RAFFB-TCC/Testes/EAG/catkin_ws/build/CMakeFiles/CMakeTmp/CheckSymbolExists.c
Linking C executable cmTryCompileExec518362946
/usr/bin/cmake -E cmake_link_script CMakeFiles/cmTryCompileExec518362946.dir/link.txt --verbose=1
/usr/bin/cc       CMakeFiles/cmTryCompileExec518362946.dir/CheckSymbolExists.c.o  -o cmTryCompileExec518362946 -rdynamic 
CMakeFiles/cmTryCompileExec518362946.dir/CheckSymbolExists.c.o: na função `main':
CheckSymbolExists.c:(.text+0x16): referência indefinida para `pthread_create'
collect2: error: ld returned 1 exit status
make[1]: ** [cmTryCompileExec518362946] Erro 1
make[1]: Saindo do diretório `/home/eduardo/TCC/RAFFB-TCC/Testes/EAG/catkin_ws/build/CMakeFiles/CMakeTmp'
make: ** [cmTryCompileExec518362946/fast] Erro 2

File /home/eduardo/TCC/RAFFB-TCC/Testes/EAG/catkin_ws/build/CMakeFiles/CMakeTmp/CheckSymbolExists.c:
/* */
#include <pthread.h>

int main(int argc, char** argv)
{
  (void)argv;
#ifndef pthread_create
  return ((int*)(&pthread_create))[argc];
#else
  (void)argc;
  return 0;
#endif
}

Determining if the function pthread_create exists in the pthreads failed with the following output:
Change Dir: /home/eduardo/TCC/RAFFB-TCC/Testes/EAG/catkin_ws/build/CMakeFiles/CMakeTmp

Run Build Command:/usr/bin/make "cmTryCompileExec688726830/fast"
/usr/bin/make -f CMakeFiles/cmTryCompileExec688726830.dir/build.make CMakeFiles/cmTryCompileExec688726830.dir/build
make[1]: Entrando no diretório `/home/eduardo/TCC/RAFFB-TCC/Testes/EAG/catkin_ws/build/CMakeFiles/CMakeTmp'
/usr/bin/cmake -E cmake_progress_report /home/eduardo/TCC/RAFFB-TCC/Testes/EAG/catkin_ws/build/CMakeFiles/CMakeTmp/CMakeFiles 1
Building C object CMakeFiles/cmTryCompileExec688726830.dir/CheckFunctionExists.c.o
/usr/bin/cc   -DCHECK_FUNCTION_EXISTS=pthread_create   -o CMakeFiles/cmTryCompileExec688726830.dir/CheckFunctionExists.c.o   -c /usr/share/cmake-2.8/Modules/CheckFunctionExists.c
Linking C executable cmTryCompileExec688726830
/usr/bin/cmake -E cmake_link_script CMakeFiles/cmTryCompileExec688726830.dir/link.txt --verbose=1
/usr/bin/cc   -DCHECK_FUNCTION_EXISTS=pthread_create    CMakeFiles/cmTryCompileExec688726830.dir/CheckFunctionExists.c.o  -o cmTryCompileExec688726830 -rdynamic -lpthreads 
/usr/bin/ld: não foi possível encontrar -lpthreads
collect2: error: ld returned 1 exit status
make[1]: Saindo do diretório `/home/eduardo/TCC/RAFFB-TCC/Testes/EAG/catkin_ws/build/CMakeFiles/CMakeTmp'
make[1]: ** [cmTryCompileExec688726830] Erro 1
make: ** [cmTryCompileExec688726830/fast] Erro 2


